2020-05-19 16:25:15.412  INFO 15072 --- [main] san.sanbackend.SanbackendApplication     : Starting SanbackendApplication on BK-201 with PID 15072 (C:\Users\9\IdeaProjects\sanbackend\target\classes started by ⑨ in C:\Users\9\IdeaProjects\sanbackend)
2020-05-19 16:25:15.522  INFO 15072 --- [main] san.sanbackend.SanbackendApplication     : No active profile set, falling back to default profiles: default
2020-05-19 16:25:18.210  INFO 15072 --- [main] o.s.b.w.embedded.tomcat.TomcatWebServer  : Tomcat initialized with port(s): 8081 (http)
2020-05-19 16:25:18.225  INFO 15072 --- [main] o.apache.catalina.core.StandardService   : Starting service [Tomcat]
2020-05-19 16:25:18.225  INFO 15072 --- [main] org.apache.catalina.core.StandardEngine  : Starting Servlet engine: [Apache Tomcat/9.0.33]
2020-05-19 16:25:18.428  INFO 15072 --- [main] o.a.c.c.C.[Tomcat].[localhost].[/]       : Initializing Spring embedded WebApplicationContext
2020-05-19 16:25:18.428  INFO 15072 --- [main] o.s.web.context.ContextLoader            : Root WebApplicationContext: initialization completed in 2453 ms
2020-05-19 16:25:18.725  INFO 15072 --- [main] o.s.s.concurrent.ThreadPoolTaskExecutor  : Initializing ExecutorService 'applicationTaskExecutor'
2020-05-19 16:25:19.007  INFO 15072 --- [main] o.s.b.w.embedded.tomcat.TomcatWebServer  : Tomcat started on port(s): 8081 (http) with context path ''
2020-05-19 16:25:19.022  INFO 15072 --- [main] san.sanbackend.SanbackendApplication     : Started SanbackendApplication in 7.092 seconds (JVM running for 15.121)
2020-05-19 16:25:37.784  INFO 15072 --- [http-nio-8081-exec-1] o.a.c.c.C.[Tomcat].[localhost].[/]       : Initializing Spring DispatcherServlet 'dispatcherServlet'
2020-05-19 16:25:37.786  INFO 15072 --- [http-nio-8081-exec-1] o.s.web.servlet.DispatcherServlet        : Initializing Servlet 'dispatcherServlet'
2020-05-19 16:25:37.804  INFO 15072 --- [http-nio-8081-exec-1] o.s.web.servlet.DispatcherServlet        : Completed initialization in 17 ms
2020-05-19 16:25:38.142 ERROR 15072 --- [http-nio-8081-exec-1] san.sanbackend.service.UploadService     : 接收图片3.png失败
2020-05-19 16:26:41.675  INFO 10724 --- [main] san.sanbackend.SanbackendApplication     : Starting SanbackendApplication on BK-201 with PID 10724 (C:\Users\9\IdeaProjects\sanbackend\target\classes started by ⑨ in C:\Users\9\IdeaProjects\sanbackend)
2020-05-19 16:26:41.691  INFO 10724 --- [main] san.sanbackend.SanbackendApplication     : No active profile set, falling back to default profiles: default
2020-05-19 16:26:42.644  INFO 10724 --- [main] o.s.b.w.embedded.tomcat.TomcatWebServer  : Tomcat initialized with port(s): 8081 (http)
2020-05-19 16:26:42.659  INFO 10724 --- [main] o.apache.catalina.core.StandardService   : Starting service [Tomcat]
2020-05-19 16:26:42.659  INFO 10724 --- [main] org.apache.catalina.core.StandardEngine  : Starting Servlet engine: [Apache Tomcat/9.0.33]
2020-05-19 16:26:42.769  INFO 10724 --- [main] o.a.c.c.C.[Tomcat].[localhost].[/]       : Initializing Spring embedded WebApplicationContext
2020-05-19 16:26:42.769  INFO 10724 --- [main] o.s.web.context.ContextLoader            : Root WebApplicationContext: initialization completed in 1032 ms
2020-05-19 16:26:42.943  INFO 10724 --- [main] o.s.s.concurrent.ThreadPoolTaskExecutor  : Initializing ExecutorService 'applicationTaskExecutor'
2020-05-19 16:26:43.074  INFO 10724 --- [main] o.s.b.w.embedded.tomcat.TomcatWebServer  : Tomcat started on port(s): 8081 (http) with context path ''
2020-05-19 16:26:43.074  INFO 10724 --- [main] san.sanbackend.SanbackendApplication     : Started SanbackendApplication in 1.852 seconds (JVM running for 2.948)
2020-05-19 16:26:48.620  INFO 10724 --- [http-nio-8081-exec-1] o.a.c.c.C.[Tomcat].[localhost].[/]       : Initializing Spring DispatcherServlet 'dispatcherServlet'
2020-05-19 16:26:48.620  INFO 10724 --- [http-nio-8081-exec-1] o.s.web.servlet.DispatcherServlet        : Initializing Servlet 'dispatcherServlet'
2020-05-19 16:26:48.625  INFO 10724 --- [http-nio-8081-exec-1] o.s.web.servlet.DispatcherServlet        : Completed initialization in 4 ms
2020-05-19 16:26:48.839 ERROR 10724 --- [http-nio-8081-exec-1] san.sanbackend.service.UploadService     : 接收图片3.png失败
2020-05-19 16:27:36.468  INFO 16732 --- [main] san.sanbackend.SanbackendApplication     : Starting SanbackendApplication on BK-201 with PID 16732 (C:\Users\9\IdeaProjects\sanbackend\target\classes started by ⑨ in C:\Users\9\IdeaProjects\sanbackend)
2020-05-19 16:27:36.468  INFO 16732 --- [main] san.sanbackend.SanbackendApplication     : No active profile set, falling back to default profiles: default
2020-05-19 16:27:37.453  INFO 16732 --- [main] o.s.b.w.embedded.tomcat.TomcatWebServer  : Tomcat initialized with port(s): 8081 (http)
2020-05-19 16:27:37.453  INFO 16732 --- [main] o.apache.catalina.core.StandardService   : Starting service [Tomcat]
2020-05-19 16:27:37.453  INFO 16732 --- [main] org.apache.catalina.core.StandardEngine  : Starting Servlet engine: [Apache Tomcat/9.0.33]
2020-05-19 16:27:37.578  INFO 16732 --- [main] o.a.c.c.C.[Tomcat].[localhost].[/]       : Initializing Spring embedded WebApplicationContext
2020-05-19 16:27:37.578  INFO 16732 --- [main] o.s.web.context.ContextLoader            : Root WebApplicationContext: initialization completed in 1047 ms
2020-05-19 16:27:37.750  INFO 16732 --- [main] o.s.s.concurrent.ThreadPoolTaskExecutor  : Initializing ExecutorService 'applicationTaskExecutor'
2020-05-19 16:27:37.890  INFO 16732 --- [main] o.s.b.w.embedded.tomcat.TomcatWebServer  : Tomcat started on port(s): 8081 (http) with context path ''
2020-05-19 16:27:37.906  INFO 16732 --- [main] san.sanbackend.SanbackendApplication     : Started SanbackendApplication in 1.892 seconds (JVM running for 2.888)
2020-05-19 16:27:44.323  INFO 16732 --- [http-nio-8081-exec-1] o.a.c.c.C.[Tomcat].[localhost].[/]       : Initializing Spring DispatcherServlet 'dispatcherServlet'
2020-05-19 16:27:44.325  INFO 16732 --- [http-nio-8081-exec-1] o.s.web.servlet.DispatcherServlet        : Initializing Servlet 'dispatcherServlet'
2020-05-19 16:27:44.338  INFO 16732 --- [http-nio-8081-exec-1] o.s.web.servlet.DispatcherServlet        : Completed initialization in 12 ms
2020-05-19 16:27:44.558 ERROR 16732 --- [http-nio-8081-exec-1] san.sanbackend.service.UploadService     : 接收图片2.png失败
2020-05-19 16:29:15.484  INFO 11016 --- [main] san.sanbackend.SanbackendApplication     : Starting SanbackendApplication on BK-201 with PID 11016 (C:\Users\9\IdeaProjects\sanbackend\target\classes started by ⑨ in C:\Users\9\IdeaProjects\sanbackend)
2020-05-19 16:29:15.484  INFO 11016 --- [main] san.sanbackend.SanbackendApplication     : No active profile set, falling back to default profiles: default
2020-05-19 16:29:16.410  INFO 11016 --- [main] o.s.b.w.embedded.tomcat.TomcatWebServer  : Tomcat initialized with port(s): 8081 (http)
2020-05-19 16:29:16.426  INFO 11016 --- [main] o.apache.catalina.core.StandardService   : Starting service [Tomcat]
2020-05-19 16:29:16.426  INFO 11016 --- [main] org.apache.catalina.core.StandardEngine  : Starting Servlet engine: [Apache Tomcat/9.0.33]
2020-05-19 16:29:16.520  INFO 11016 --- [main] o.a.c.c.C.[Tomcat].[localhost].[/]       : Initializing Spring embedded WebApplicationContext
2020-05-19 16:29:16.520  INFO 11016 --- [main] o.s.web.context.ContextLoader            : Root WebApplicationContext: initialization completed in 974 ms
2020-05-19 16:29:16.676  INFO 11016 --- [main] o.s.s.concurrent.ThreadPoolTaskExecutor  : Initializing ExecutorService 'applicationTaskExecutor'
2020-05-19 16:29:16.816  INFO 11016 --- [main] o.s.b.w.embedded.tomcat.TomcatWebServer  : Tomcat started on port(s): 8081 (http) with context path ''
2020-05-19 16:29:16.816  INFO 11016 --- [main] san.sanbackend.SanbackendApplication     : Started SanbackendApplication in 1.842 seconds (JVM running for 2.822)
2020-05-19 16:29:24.174  INFO 11016 --- [http-nio-8081-exec-1] o.a.c.c.C.[Tomcat].[localhost].[/]       : Initializing Spring DispatcherServlet 'dispatcherServlet'
2020-05-19 16:29:24.175  INFO 11016 --- [http-nio-8081-exec-1] o.s.web.servlet.DispatcherServlet        : Initializing Servlet 'dispatcherServlet'
2020-05-19 16:29:24.194  INFO 11016 --- [http-nio-8081-exec-1] o.s.web.servlet.DispatcherServlet        : Completed initialization in 16 ms
2020-05-19 16:29:24.404 ERROR 11016 --- [http-nio-8081-exec-1] san.sanbackend.service.UploadService     : 接收图片3.png失败
